<?xml version="1.0" encoding="UTF-8"?>
<testsuite xmlns:xsi="http://www.w3.org/2001/XMLSchema-instance" xsi:noNamespaceSchemaLocation="https://maven.apache.org/surefire/maven-surefire-plugin/xsd/surefire-test-report-3.0.xsd" version="3.0" name="AbrirGoogleTest" time="11.889" tests="2" errors="0" skipped="0" failures="0">
  <properties>
[...]
</properties>
  <testcase name="testGoogleSearchFunctionality" classname="AbrirGoogleTest" time="8.482">
    <system-out><![CDATA[Capturing logs...
SEVERE https://www.youtube.com/s/player/96163992/www-widgetapi.vflset/www-widgetapi.js 1245 Failed to execute 'postMessage' on 'DOMWindow': The target origin provided ('https://www.youtube.com') does not match the recipient window's origin ('https://www.google.com').
Browser closed.
]]></system-out>
  </testcase>
  <testcase name="testDropdownSelectionOnNewPage" classname="AbrirGoogleTest" time="3.318">
    <system-out><![CDATA[Selection from dropdown completed.
Capturing logs...
INFO https://cdnjs.cloudflare.com/ajax/libs/less.js/2.2.0/less.min.js 12:11602 "rendered https://colorlib.com/polygon/metis/assets/less/theme.less successfully."
INFO https://cdnjs.cloudflare.com/ajax/libs/less.js/2.2.0/less.min.js 12:11602 "css for https://colorlib.com/polygon/metis/assets/less/theme.less generated in 96ms"
INFO https://cdnjs.cloudflare.com/ajax/libs/less.js/2.2.0/less.min.js 12:11602 "less has finished. css generated in 96ms"
INFO https://cdnjs.cloudflare.com/ajax/libs/less.js/2.2.0/less.min.js 12:11602 "rendered https://colorlib.com/polygon/metis/assets/less/theme.less successfully."
INFO https://cdnjs.cloudflare.com/ajax/libs/less.js/2.2.0/less.min.js 12:11602 "css for https://colorlib.com/polygon/metis/assets/less/theme.less generated in 4ms"
INFO https://cdnjs.cloudflare.com/ajax/libs/less.js/2.2.0/less.min.js 12:11602 "less has finished. css generated in 4ms"
WARNING https://cdnjs.cloudflare.com/ajax/libs/moment.js/2.9.0/moment.min.js 5:460 "Deprecation warning: moment().zone is deprecated, use moment().utcOffset instead. https://github.com/moment/moment/issues/1779"
WARNING https://cdnjs.cloudflare.com/ajax/libs/moment.js/2.9.0/moment.min.js 5:460 "Deprecation warning: moment().subtract(period, number) is deprecated. Please use moment().subtract(number, period)."
FINE https://colorlib.com/polygon/metis/form-general.html - [DOM] Input elements should have autocomplete attributes (suggested: "current-password"): (More info: https://goo.gl/9p2vKq) %o
Browser closed.
]]></system-out>
  </testcase>
</testsuite>